2018-05-06 00:10:05,711 1      [           main] INFO  ClassPathXmlApplicationContext  - Refreshing org.springframework.context.support.ClassPathXmlApplicationContext@3fb6a447: startup date [Sun May 06 00:10:05 GMT+08:00 2018]; root of context hierarchy
2018-05-06 00:10:05,851 141    [           main] INFO  ry.xml.XmlBeanDefinitionReader  - Loading XML bean definitions from class path resource [applicationContext.xml]
2020-11-23 17:24:36,666 0      [ost-startStop-1] INFO  work.web.context.ContextLoader  - Root WebApplicationContext: initialization started
2020-11-23 17:24:36,739 73     [ost-startStop-1] INFO  pport.XmlWebApplicationContext  - Refreshing Root WebApplicationContext: startup date [Mon Nov 23 17:24:36 CST 2020]; root of context hierarchy
2020-11-23 17:24:36,763 97     [ost-startStop-1] INFO  ry.xml.XmlBeanDefinitionReader  - Loading XML bean definitions from class path resource [applicationContext.xml]
2020-11-23 17:24:37,145 479    [ost-startStop-1] INFO  redAnnotationBeanPostProcessor  - JSR-330 'javax.inject.Inject' annotation found and supported for autowiring
2020-11-23 17:24:37,243 577    [ost-startStop-1] INFO         com.mchange.v2.log.MLog  - MLog clients using log4j logging.
2020-11-23 17:24:37,268 602    [ost-startStop-1] INFO  m.mchange.v2.c3p0.C3P0Registry  - Initializing c3p0-0.9.1.2 [built 21-May-2007 15:04:56; debug? true; trace: 10]
2020-11-23 17:24:37,567 901    [ost-startStop-1] INFO  work.web.context.ContextLoader  - Root WebApplicationContext: initialization completed in 900 ms
2020-11-23 17:24:37,599 933    [ost-startStop-1] INFO  .web.servlet.DispatcherServlet  - FrameworkServlet 'dispatcherServlet': initialization started
2020-11-23 17:24:37,603 937    [ost-startStop-1] INFO  pport.XmlWebApplicationContext  - Refreshing WebApplicationContext for namespace 'dispatcherServlet-servlet': startup date [Mon Nov 23 17:24:37 CST 2020]; parent: Root WebApplicationContext
2020-11-23 17:24:37,603 937    [ost-startStop-1] INFO  ry.xml.XmlBeanDefinitionReader  - Loading XML bean definitions from class path resource [springmvc.xml]
2020-11-23 17:24:37,763 1097   [ost-startStop-1] INFO  redAnnotationBeanPostProcessor  - JSR-330 'javax.inject.Inject' annotation found and supported for autowiring
2020-11-23 17:24:37,954 1288   [ost-startStop-1] INFO  andler.SimpleUrlHandlerMapping  - Mapped URL path [/css/**] onto handler 'org.springframework.web.servlet.resource.ResourceHttpRequestHandler#0'
2020-11-23 17:24:37,972 1306   [ost-startStop-1] INFO  andler.SimpleUrlHandlerMapping  - Mapped URL path [/images/**] onto handler 'org.springframework.web.servlet.resource.ResourceHttpRequestHandler#1'
2020-11-23 17:24:37,976 1310   [ost-startStop-1] INFO  andler.SimpleUrlHandlerMapping  - Mapped URL path [/js/**] onto handler 'org.springframework.web.servlet.resource.ResourceHttpRequestHandler#2'
2020-11-23 17:24:38,038 1372   [ost-startStop-1] INFO  n.RequestMappingHandlerMapping  - Mapped "{[/account/save]}" onto public void com.bdqn.controller.AccountController.save(com.bdqn.domain.Account,javax.servlet.http.HttpServletRequest,javax.servlet.http.HttpServletResponse) throws java.io.IOException
2020-11-23 17:24:38,040 1374   [ost-startStop-1] INFO  n.RequestMappingHandlerMapping  - Mapped "{[/account/findAll]}" onto public java.lang.String com.bdqn.controller.AccountController.findAll(org.springframework.ui.Model)
2020-11-23 17:24:38,148 1482   [ost-startStop-1] INFO  n.RequestMappingHandlerAdapter  - Looking for @ControllerAdvice: WebApplicationContext for namespace 'dispatcherServlet-servlet': startup date [Mon Nov 23 17:24:37 CST 2020]; parent: Root WebApplicationContext
2020-11-23 17:24:38,222 1556   [ost-startStop-1] INFO  n.RequestMappingHandlerAdapter  - Looking for @ControllerAdvice: WebApplicationContext for namespace 'dispatcherServlet-servlet': startup date [Mon Nov 23 17:24:37 CST 2020]; parent: Root WebApplicationContext
2020-11-23 17:24:38,309 1643   [ost-startStop-1] INFO  .web.servlet.DispatcherServlet  - FrameworkServlet 'dispatcherServlet': initialization completed in 710 ms
2020-11-27 13:53:14,868 0      [           main] INFO  DefaultTestContextBootstrapper  - Loaded default TestExecutionListener class names from location [META-INF/spring.factories]: [org.springframework.test.context.web.ServletTestExecutionListener, org.springframework.test.context.support.DirtiesContextBeforeModesTestExecutionListener, org.springframework.test.context.support.DependencyInjectionTestExecutionListener, org.springframework.test.context.support.DirtiesContextTestExecutionListener, org.springframework.test.context.transaction.TransactionalTestExecutionListener, org.springframework.test.context.jdbc.SqlScriptsTestExecutionListener]
2020-11-27 13:53:14,891 23     [           main] INFO  DefaultTestContextBootstrapper  - Using TestExecutionListeners: [org.springframework.test.context.web.ServletTestExecutionListener@13805618, org.springframework.test.context.support.DirtiesContextBeforeModesTestExecutionListener@56ef9176, org.springframework.test.context.support.DependencyInjectionTestExecutionListener@4566e5bd, org.springframework.test.context.support.DirtiesContextTestExecutionListener@1ed4004b, org.springframework.test.context.transaction.TransactionalTestExecutionListener@ff5b51f, org.springframework.test.context.jdbc.SqlScriptsTestExecutionListener@25bbe1b6]
2020-11-27 13:53:14,982 114    [           main] INFO  ry.xml.XmlBeanDefinitionReader  - Loading XML bean definitions from class path resource [applicationContext.xml]
2020-11-27 13:53:15,256 388    [           main] INFO  port.GenericApplicationContext  - Refreshing org.springframework.context.support.GenericApplicationContext@57855c9a: startup date [Fri Nov 27 13:53:15 CST 2020]; root of context hierarchy
2020-11-27 13:53:15,637 769    [           main] INFO  aba.druid.pool.DruidDataSource  - {dataSource-1} inited
2020-11-27 13:53:16,414 1546   [       Thread-1] INFO  port.GenericApplicationContext  - Closing org.springframework.context.support.GenericApplicationContext@57855c9a: startup date [Fri Nov 27 13:53:15 CST 2020]; root of context hierarchy
2020-11-27 13:53:16,419 1551   [       Thread-1] INFO  aba.druid.pool.DruidDataSource  - {dataSource-1} closed
2020-11-27 13:54:18,123 0      [           main] INFO  DefaultTestContextBootstrapper  - Loaded default TestExecutionListener class names from location [META-INF/spring.factories]: [org.springframework.test.context.web.ServletTestExecutionListener, org.springframework.test.context.support.DirtiesContextBeforeModesTestExecutionListener, org.springframework.test.context.support.DependencyInjectionTestExecutionListener, org.springframework.test.context.support.DirtiesContextTestExecutionListener, org.springframework.test.context.transaction.TransactionalTestExecutionListener, org.springframework.test.context.jdbc.SqlScriptsTestExecutionListener]
2020-11-27 13:54:18,137 14     [           main] INFO  DefaultTestContextBootstrapper  - Using TestExecutionListeners: [org.springframework.test.context.web.ServletTestExecutionListener@13805618, org.springframework.test.context.support.DirtiesContextBeforeModesTestExecutionListener@56ef9176, org.springframework.test.context.support.DependencyInjectionTestExecutionListener@4566e5bd, org.springframework.test.context.support.DirtiesContextTestExecutionListener@1ed4004b, org.springframework.test.context.transaction.TransactionalTestExecutionListener@ff5b51f, org.springframework.test.context.jdbc.SqlScriptsTestExecutionListener@25bbe1b6]
2020-11-27 13:54:18,189 66     [           main] INFO  ry.xml.XmlBeanDefinitionReader  - Loading XML bean definitions from class path resource [applicationContext.xml]
2020-11-27 13:54:18,363 240    [           main] INFO  port.GenericApplicationContext  - Refreshing org.springframework.context.support.GenericApplicationContext@57855c9a: startup date [Fri Nov 27 13:54:18 CST 2020]; root of context hierarchy
2020-11-27 13:54:18,706 583    [           main] INFO  aba.druid.pool.DruidDataSource  - {dataSource-1} inited
2020-11-27 13:54:19,427 1304   [       Thread-1] INFO  port.GenericApplicationContext  - Closing org.springframework.context.support.GenericApplicationContext@57855c9a: startup date [Fri Nov 27 13:54:18 CST 2020]; root of context hierarchy
2020-11-27 13:54:19,431 1308   [       Thread-1] INFO  aba.druid.pool.DruidDataSource  - {dataSource-1} closed
2020-11-27 14:41:29,017 0      [           main] INFO  DefaultTestContextBootstrapper  - Loaded default TestExecutionListener class names from location [META-INF/spring.factories]: [org.springframework.test.context.web.ServletTestExecutionListener, org.springframework.test.context.support.DirtiesContextBeforeModesTestExecutionListener, org.springframework.test.context.support.DependencyInjectionTestExecutionListener, org.springframework.test.context.support.DirtiesContextTestExecutionListener, org.springframework.test.context.transaction.TransactionalTestExecutionListener, org.springframework.test.context.jdbc.SqlScriptsTestExecutionListener]
2020-11-27 14:41:29,026 9      [           main] INFO  DefaultTestContextBootstrapper  - Using TestExecutionListeners: [org.springframework.test.context.web.ServletTestExecutionListener@cb644e, org.springframework.test.context.support.DirtiesContextBeforeModesTestExecutionListener@13805618, org.springframework.test.context.support.DependencyInjectionTestExecutionListener@56ef9176, org.springframework.test.context.support.DirtiesContextTestExecutionListener@4566e5bd, org.springframework.test.context.transaction.TransactionalTestExecutionListener@1ed4004b, org.springframework.test.context.jdbc.SqlScriptsTestExecutionListener@ff5b51f]
2020-11-27 14:41:29,097 80     [           main] INFO  ry.xml.XmlBeanDefinitionReader  - Loading XML bean definitions from class path resource [applicationContext.xml]
2020-11-27 14:41:29,267 250    [           main] INFO  port.GenericApplicationContext  - Refreshing org.springframework.context.support.GenericApplicationContext@22a67b4: startup date [Fri Nov 27 14:41:29 CST 2020]; root of context hierarchy
2020-11-27 14:41:29,601 584    [           main] INFO  aba.druid.pool.DruidDataSource  - {dataSource-1} inited
2020-11-27 14:41:30,331 1314   [           main] INFO  ry.xml.XmlBeanDefinitionReader  - Loading XML bean definitions from class path resource [org/springframework/jdbc/support/sql-error-codes.xml]
2020-11-27 14:41:30,350 1333   [           main] INFO  c.support.SQLErrorCodesFactory  - SQLErrorCodes loaded: [DB2, Derby, H2, HSQL, Informix, MS-SQL, MySQL, Oracle, PostgreSQL, Sybase, Hana]
2020-11-27 14:41:30,360 1343   [       Thread-1] INFO  port.GenericApplicationContext  - Closing org.springframework.context.support.GenericApplicationContext@22a67b4: startup date [Fri Nov 27 14:41:29 CST 2020]; root of context hierarchy
2020-11-27 14:41:30,360 1343   [       Thread-1] INFO  aba.druid.pool.DruidDataSource  - {dataSource-1} closed
2020-11-27 14:41:57,056 0      [           main] INFO  DefaultTestContextBootstrapper  - Loaded default TestExecutionListener class names from location [META-INF/spring.factories]: [org.springframework.test.context.web.ServletTestExecutionListener, org.springframework.test.context.support.DirtiesContextBeforeModesTestExecutionListener, org.springframework.test.context.support.DependencyInjectionTestExecutionListener, org.springframework.test.context.support.DirtiesContextTestExecutionListener, org.springframework.test.context.transaction.TransactionalTestExecutionListener, org.springframework.test.context.jdbc.SqlScriptsTestExecutionListener]
2020-11-27 14:41:57,071 15     [           main] INFO  DefaultTestContextBootstrapper  - Using TestExecutionListeners: [org.springframework.test.context.web.ServletTestExecutionListener@cb644e, org.springframework.test.context.support.DirtiesContextBeforeModesTestExecutionListener@13805618, org.springframework.test.context.support.DependencyInjectionTestExecutionListener@56ef9176, org.springframework.test.context.support.DirtiesContextTestExecutionListener@4566e5bd, org.springframework.test.context.transaction.TransactionalTestExecutionListener@1ed4004b, org.springframework.test.context.jdbc.SqlScriptsTestExecutionListener@ff5b51f]
2020-11-27 14:41:57,126 70     [           main] INFO  ry.xml.XmlBeanDefinitionReader  - Loading XML bean definitions from class path resource [applicationContext.xml]
2020-11-27 14:41:57,312 256    [           main] INFO  port.GenericApplicationContext  - Refreshing org.springframework.context.support.GenericApplicationContext@22a67b4: startup date [Fri Nov 27 14:41:57 CST 2020]; root of context hierarchy
2020-11-27 14:41:57,686 630    [           main] INFO  aba.druid.pool.DruidDataSource  - {dataSource-1} inited
2020-11-27 14:41:58,360 1304   [       Thread-1] INFO  port.GenericApplicationContext  - Closing org.springframework.context.support.GenericApplicationContext@22a67b4: startup date [Fri Nov 27 14:41:57 CST 2020]; root of context hierarchy
2020-11-27 14:41:58,360 1304   [       Thread-1] INFO  aba.druid.pool.DruidDataSource  - {dataSource-1} closed
2020-11-27 14:49:05,307 0      [ost-startStop-1] INFO  work.web.context.ContextLoader  - Root WebApplicationContext: initialization started
2020-11-27 14:49:05,373 66     [ost-startStop-1] INFO  pport.XmlWebApplicationContext  - Refreshing Root WebApplicationContext: startup date [Fri Nov 27 14:49:05 CST 2020]; root of context hierarchy
2020-11-27 14:49:05,396 89     [ost-startStop-1] INFO  ry.xml.XmlBeanDefinitionReader  - Loading XML bean definitions from class path resource [applicationContext.xml]
2020-11-27 14:49:05,770 463    [ost-startStop-1] INFO  redAnnotationBeanPostProcessor  - JSR-330 'javax.inject.Inject' annotation found and supported for autowiring
2020-11-27 14:49:05,927 620    [ost-startStop-1] INFO  aba.druid.pool.DruidDataSource  - {dataSource-1} inited
2020-11-27 14:49:06,347 1040   [ost-startStop-1] INFO  work.web.context.ContextLoader  - Root WebApplicationContext: initialization completed in 1040 ms
2020-11-27 14:49:06,382 1075   [ost-startStop-1] INFO  .web.servlet.DispatcherServlet  - FrameworkServlet 'dispatcherServlet': initialization started
2020-11-27 14:49:06,387 1080   [ost-startStop-1] INFO  pport.XmlWebApplicationContext  - Refreshing WebApplicationContext for namespace 'dispatcherServlet-servlet': startup date [Fri Nov 27 14:49:06 CST 2020]; parent: Root WebApplicationContext
2020-11-27 14:49:06,387 1080   [ost-startStop-1] INFO  ry.xml.XmlBeanDefinitionReader  - Loading XML bean definitions from class path resource [springmvc.xml]
2020-11-27 14:49:06,529 1222   [ost-startStop-1] INFO  redAnnotationBeanPostProcessor  - JSR-330 'javax.inject.Inject' annotation found and supported for autowiring
2020-11-27 14:49:06,691 1384   [ost-startStop-1] INFO  andler.SimpleUrlHandlerMapping  - Mapped URL path [/css/**] onto handler 'org.springframework.web.servlet.resource.ResourceHttpRequestHandler#0'
2020-11-27 14:49:06,707 1400   [ost-startStop-1] INFO  andler.SimpleUrlHandlerMapping  - Mapped URL path [/images/**] onto handler 'org.springframework.web.servlet.resource.ResourceHttpRequestHandler#1'
2020-11-27 14:49:06,711 1404   [ost-startStop-1] INFO  andler.SimpleUrlHandlerMapping  - Mapped URL path [/js/**] onto handler 'org.springframework.web.servlet.resource.ResourceHttpRequestHandler#2'
2020-11-27 14:49:06,747 1440   [ost-startStop-1] INFO  n.RequestMappingHandlerMapping  - Mapped "{[/bill/findAll]}" onto public java.lang.String com.bdqn.controller.BillController.findAll(org.springframework.ui.Model)
2020-11-27 14:49:06,750 1443   [ost-startStop-1] INFO  n.RequestMappingHandlerMapping  - Mapped "{[/branch/findAll]}" onto public java.lang.String com.bdqn.controller.BranchController.findAll(org.springframework.ui.Model)
2020-11-27 14:49:06,813 1506   [ost-startStop-1] INFO  n.RequestMappingHandlerAdapter  - Looking for @ControllerAdvice: WebApplicationContext for namespace 'dispatcherServlet-servlet': startup date [Fri Nov 27 14:49:06 CST 2020]; parent: Root WebApplicationContext
2020-11-27 14:49:06,857 1550   [ost-startStop-1] INFO  n.RequestMappingHandlerAdapter  - Looking for @ControllerAdvice: WebApplicationContext for namespace 'dispatcherServlet-servlet': startup date [Fri Nov 27 14:49:06 CST 2020]; parent: Root WebApplicationContext
2020-11-27 14:49:06,957 1650   [ost-startStop-1] INFO  .web.servlet.DispatcherServlet  - FrameworkServlet 'dispatcherServlet': initialization completed in 575 ms
2020-11-27 14:49:38,168 0      [ost-startStop-1] INFO  work.web.context.ContextLoader  - Root WebApplicationContext: initialization started
2020-11-27 14:49:38,229 61     [ost-startStop-1] INFO  pport.XmlWebApplicationContext  - Refreshing Root WebApplicationContext: startup date [Fri Nov 27 14:49:38 CST 2020]; root of context hierarchy
2020-11-27 14:49:38,257 89     [ost-startStop-1] INFO  ry.xml.XmlBeanDefinitionReader  - Loading XML bean definitions from class path resource [applicationContext.xml]
2020-11-27 14:49:38,607 439    [ost-startStop-1] INFO  redAnnotationBeanPostProcessor  - JSR-330 'javax.inject.Inject' annotation found and supported for autowiring
2020-11-27 14:49:38,774 606    [ost-startStop-1] INFO  aba.druid.pool.DruidDataSource  - {dataSource-1} inited
2020-11-27 14:49:39,287 1119   [ost-startStop-1] INFO  work.web.context.ContextLoader  - Root WebApplicationContext: initialization completed in 1119 ms
2020-11-27 14:49:39,323 1155   [ost-startStop-1] INFO  .web.servlet.DispatcherServlet  - FrameworkServlet 'dispatcherServlet': initialization started
2020-11-27 14:49:39,327 1159   [ost-startStop-1] INFO  pport.XmlWebApplicationContext  - Refreshing WebApplicationContext for namespace 'dispatcherServlet-servlet': startup date [Fri Nov 27 14:49:39 CST 2020]; parent: Root WebApplicationContext
2020-11-27 14:49:39,327 1159   [ost-startStop-1] INFO  ry.xml.XmlBeanDefinitionReader  - Loading XML bean definitions from class path resource [springmvc.xml]
2020-11-27 14:49:39,476 1308   [ost-startStop-1] INFO  redAnnotationBeanPostProcessor  - JSR-330 'javax.inject.Inject' annotation found and supported for autowiring
2020-11-27 14:49:39,658 1490   [ost-startStop-1] INFO  andler.SimpleUrlHandlerMapping  - Mapped URL path [/css/**] onto handler 'org.springframework.web.servlet.resource.ResourceHttpRequestHandler#0'
2020-11-27 14:49:39,669 1501   [ost-startStop-1] INFO  andler.SimpleUrlHandlerMapping  - Mapped URL path [/images/**] onto handler 'org.springframework.web.servlet.resource.ResourceHttpRequestHandler#1'
2020-11-27 14:49:39,679 1511   [ost-startStop-1] INFO  andler.SimpleUrlHandlerMapping  - Mapped URL path [/js/**] onto handler 'org.springframework.web.servlet.resource.ResourceHttpRequestHandler#2'
2020-11-27 14:49:39,719 1551   [ost-startStop-1] INFO  n.RequestMappingHandlerMapping  - Mapped "{[/bill/findAll]}" onto public java.lang.String com.bdqn.controller.BillController.findAll(org.springframework.ui.Model)
2020-11-27 14:49:39,727 1559   [ost-startStop-1] INFO  n.RequestMappingHandlerMapping  - Mapped "{[/branch/findAll]}" onto public java.lang.String com.bdqn.controller.BranchController.findAll(org.springframework.ui.Model)
2020-11-27 14:49:39,798 1630   [ost-startStop-1] INFO  n.RequestMappingHandlerAdapter  - Looking for @ControllerAdvice: WebApplicationContext for namespace 'dispatcherServlet-servlet': startup date [Fri Nov 27 14:49:39 CST 2020]; parent: Root WebApplicationContext
2020-11-27 14:49:39,841 1673   [ost-startStop-1] INFO  n.RequestMappingHandlerAdapter  - Looking for @ControllerAdvice: WebApplicationContext for namespace 'dispatcherServlet-servlet': startup date [Fri Nov 27 14:49:39 CST 2020]; parent: Root WebApplicationContext
2020-11-27 14:49:39,912 1744   [ost-startStop-1] INFO  .web.servlet.DispatcherServlet  - FrameworkServlet 'dispatcherServlet': initialization completed in 589 ms
2020-11-27 14:58:20,387 0      [           main] INFO  DefaultTestContextBootstrapper  - Loaded default TestExecutionListener class names from location [META-INF/spring.factories]: [org.springframework.test.context.web.ServletTestExecutionListener, org.springframework.test.context.support.DirtiesContextBeforeModesTestExecutionListener, org.springframework.test.context.support.DependencyInjectionTestExecutionListener, org.springframework.test.context.support.DirtiesContextTestExecutionListener, org.springframework.test.context.transaction.TransactionalTestExecutionListener, org.springframework.test.context.jdbc.SqlScriptsTestExecutionListener]
2020-11-27 14:58:20,407 20     [           main] INFO  DefaultTestContextBootstrapper  - Using TestExecutionListeners: [org.springframework.test.context.web.ServletTestExecutionListener@cb644e, org.springframework.test.context.support.DirtiesContextBeforeModesTestExecutionListener@13805618, org.springframework.test.context.support.DependencyInjectionTestExecutionListener@56ef9176, org.springframework.test.context.support.DirtiesContextTestExecutionListener@4566e5bd, org.springframework.test.context.transaction.TransactionalTestExecutionListener@1ed4004b, org.springframework.test.context.jdbc.SqlScriptsTestExecutionListener@ff5b51f]
2020-11-27 14:58:20,467 80     [           main] INFO  ry.xml.XmlBeanDefinitionReader  - Loading XML bean definitions from class path resource [applicationContext.xml]
2020-11-27 14:58:20,657 270    [           main] INFO  port.GenericApplicationContext  - Refreshing org.springframework.context.support.GenericApplicationContext@22a67b4: startup date [Fri Nov 27 14:58:20 CST 2020]; root of context hierarchy
2020-11-27 14:58:21,022 635    [           main] INFO  aba.druid.pool.DruidDataSource  - {dataSource-1} inited
2020-11-27 14:58:21,788 1401   [       Thread-1] INFO  port.GenericApplicationContext  - Closing org.springframework.context.support.GenericApplicationContext@22a67b4: startup date [Fri Nov 27 14:58:20 CST 2020]; root of context hierarchy
2020-11-27 14:58:21,795 1408   [       Thread-1] INFO  aba.druid.pool.DruidDataSource  - {dataSource-1} closed
2020-11-27 14:58:30,204 0      [ost-startStop-1] INFO  work.web.context.ContextLoader  - Root WebApplicationContext: initialization started
2020-11-27 14:58:30,268 64     [ost-startStop-1] INFO  pport.XmlWebApplicationContext  - Refreshing Root WebApplicationContext: startup date [Fri Nov 27 14:58:30 CST 2020]; root of context hierarchy
2020-11-27 14:58:30,292 88     [ost-startStop-1] INFO  ry.xml.XmlBeanDefinitionReader  - Loading XML bean definitions from class path resource [applicationContext.xml]
2020-11-27 14:58:30,570 366    [ost-startStop-1] INFO  redAnnotationBeanPostProcessor  - JSR-330 'javax.inject.Inject' annotation found and supported for autowiring
2020-11-27 14:58:30,732 528    [ost-startStop-1] INFO  aba.druid.pool.DruidDataSource  - {dataSource-1} inited
2020-11-27 14:58:31,251 1047   [ost-startStop-1] INFO  work.web.context.ContextLoader  - Root WebApplicationContext: initialization completed in 1045 ms
2020-11-27 14:58:31,297 1093   [ost-startStop-1] INFO  .web.servlet.DispatcherServlet  - FrameworkServlet 'dispatcherServlet': initialization started
2020-11-27 14:58:31,303 1099   [ost-startStop-1] INFO  pport.XmlWebApplicationContext  - Refreshing WebApplicationContext for namespace 'dispatcherServlet-servlet': startup date [Fri Nov 27 14:58:31 CST 2020]; parent: Root WebApplicationContext
2020-11-27 14:58:31,303 1099   [ost-startStop-1] INFO  ry.xml.XmlBeanDefinitionReader  - Loading XML bean definitions from class path resource [springmvc.xml]
2020-11-27 14:58:31,467 1263   [ost-startStop-1] INFO  redAnnotationBeanPostProcessor  - JSR-330 'javax.inject.Inject' annotation found and supported for autowiring
2020-11-27 14:58:31,663 1459   [ost-startStop-1] INFO  andler.SimpleUrlHandlerMapping  - Mapped URL path [/css/**] onto handler 'org.springframework.web.servlet.resource.ResourceHttpRequestHandler#0'
2020-11-27 14:58:31,680 1476   [ost-startStop-1] INFO  andler.SimpleUrlHandlerMapping  - Mapped URL path [/images/**] onto handler 'org.springframework.web.servlet.resource.ResourceHttpRequestHandler#1'
2020-11-27 14:58:31,684 1480   [ost-startStop-1] INFO  andler.SimpleUrlHandlerMapping  - Mapped URL path [/js/**] onto handler 'org.springframework.web.servlet.resource.ResourceHttpRequestHandler#2'
2020-11-27 14:58:31,722 1518   [ost-startStop-1] INFO  n.RequestMappingHandlerMapping  - Mapped "{[/bill/findAll]}" onto public java.lang.String com.bdqn.controller.BillController.findAll(org.springframework.ui.Model)
2020-11-27 14:58:31,722 1518   [ost-startStop-1] INFO  n.RequestMappingHandlerMapping  - Mapped "{[/branch/findAll]}" onto public java.lang.String com.bdqn.controller.BranchController.findAll(org.springframework.ui.Model)
2020-11-27 14:58:31,771 1567   [ost-startStop-1] INFO  n.RequestMappingHandlerAdapter  - Looking for @ControllerAdvice: WebApplicationContext for namespace 'dispatcherServlet-servlet': startup date [Fri Nov 27 14:58:31 CST 2020]; parent: Root WebApplicationContext
2020-11-27 14:58:31,813 1609   [ost-startStop-1] INFO  n.RequestMappingHandlerAdapter  - Looking for @ControllerAdvice: WebApplicationContext for namespace 'dispatcherServlet-servlet': startup date [Fri Nov 27 14:58:31 CST 2020]; parent: Root WebApplicationContext
2020-11-27 14:58:31,886 1682   [ost-startStop-1] INFO  .web.servlet.DispatcherServlet  - FrameworkServlet 'dispatcherServlet': initialization completed in 589 ms
2020-11-27 15:13:18,051 0      [ost-startStop-1] INFO  work.web.context.ContextLoader  - Root WebApplicationContext: initialization started
2020-11-27 15:13:18,112 61     [ost-startStop-1] INFO  pport.XmlWebApplicationContext  - Refreshing Root WebApplicationContext: startup date [Fri Nov 27 15:13:18 CST 2020]; root of context hierarchy
2020-11-27 15:13:18,132 81     [ost-startStop-1] INFO  ry.xml.XmlBeanDefinitionReader  - Loading XML bean definitions from class path resource [applicationContext.xml]
2020-11-27 15:13:18,508 457    [ost-startStop-1] INFO  redAnnotationBeanPostProcessor  - JSR-330 'javax.inject.Inject' annotation found and supported for autowiring
2020-11-27 15:13:18,658 607    [ost-startStop-1] INFO  aba.druid.pool.DruidDataSource  - {dataSource-1} inited
2020-11-27 15:13:19,124 1073   [ost-startStop-1] INFO  work.web.context.ContextLoader  - Root WebApplicationContext: initialization completed in 1073 ms
2020-11-27 15:13:19,177 1126   [ost-startStop-1] INFO  .web.servlet.DispatcherServlet  - FrameworkServlet 'dispatcherServlet': initialization started
2020-11-27 15:13:19,181 1130   [ost-startStop-1] INFO  pport.XmlWebApplicationContext  - Refreshing WebApplicationContext for namespace 'dispatcherServlet-servlet': startup date [Fri Nov 27 15:13:19 CST 2020]; parent: Root WebApplicationContext
2020-11-27 15:13:19,181 1130   [ost-startStop-1] INFO  ry.xml.XmlBeanDefinitionReader  - Loading XML bean definitions from class path resource [springmvc.xml]
2020-11-27 15:13:19,341 1290   [ost-startStop-1] INFO  redAnnotationBeanPostProcessor  - JSR-330 'javax.inject.Inject' annotation found and supported for autowiring
2020-11-27 15:13:19,538 1487   [ost-startStop-1] INFO  andler.SimpleUrlHandlerMapping  - Mapped URL path [/css/**] onto handler 'org.springframework.web.servlet.resource.ResourceHttpRequestHandler#0'
2020-11-27 15:13:19,556 1505   [ost-startStop-1] INFO  andler.SimpleUrlHandlerMapping  - Mapped URL path [/images/**] onto handler 'org.springframework.web.servlet.resource.ResourceHttpRequestHandler#1'
2020-11-27 15:13:19,561 1510   [ost-startStop-1] INFO  andler.SimpleUrlHandlerMapping  - Mapped URL path [/js/**] onto handler 'org.springframework.web.servlet.resource.ResourceHttpRequestHandler#2'
2020-11-27 15:13:19,613 1562   [ost-startStop-1] INFO  n.RequestMappingHandlerMapping  - Mapped "{[/bill/findAll]}" onto public java.lang.String com.bdqn.controller.BillController.findAll(org.springframework.ui.Model)
2020-11-27 15:13:19,615 1564   [ost-startStop-1] INFO  n.RequestMappingHandlerMapping  - Mapped "{[/branch/detail]}" onto public java.lang.String com.bdqn.controller.BranchController.detail(java.lang.Integer,org.springframework.ui.Model)
2020-11-27 15:13:19,615 1564   [ost-startStop-1] INFO  n.RequestMappingHandlerMapping  - Mapped "{[/branch/findAll]}" onto public java.lang.String com.bdqn.controller.BranchController.findAll(org.springframework.ui.Model)
2020-11-27 15:13:19,684 1633   [ost-startStop-1] INFO  n.RequestMappingHandlerAdapter  - Looking for @ControllerAdvice: WebApplicationContext for namespace 'dispatcherServlet-servlet': startup date [Fri Nov 27 15:13:19 CST 2020]; parent: Root WebApplicationContext
2020-11-27 15:13:19,740 1689   [ost-startStop-1] INFO  n.RequestMappingHandlerAdapter  - Looking for @ControllerAdvice: WebApplicationContext for namespace 'dispatcherServlet-servlet': startup date [Fri Nov 27 15:13:19 CST 2020]; parent: Root WebApplicationContext
2020-11-27 15:13:19,819 1768   [ost-startStop-1] INFO  .web.servlet.DispatcherServlet  - FrameworkServlet 'dispatcherServlet': initialization completed in 642 ms
2020-11-27 15:18:03,845 0      [ost-startStop-1] INFO  work.web.context.ContextLoader  - Root WebApplicationContext: initialization started
2020-11-27 15:18:03,914 69     [ost-startStop-1] INFO  pport.XmlWebApplicationContext  - Refreshing Root WebApplicationContext: startup date [Fri Nov 27 15:18:03 CST 2020]; root of context hierarchy
2020-11-27 15:18:03,936 91     [ost-startStop-1] INFO  ry.xml.XmlBeanDefinitionReader  - Loading XML bean definitions from class path resource [applicationContext.xml]
2020-11-27 15:18:04,229 384    [ost-startStop-1] INFO  redAnnotationBeanPostProcessor  - JSR-330 'javax.inject.Inject' annotation found and supported for autowiring
2020-11-27 15:18:04,419 574    [ost-startStop-1] INFO  aba.druid.pool.DruidDataSource  - {dataSource-1} inited
2020-11-27 15:18:04,889 1044   [ost-startStop-1] INFO  work.web.context.ContextLoader  - Root WebApplicationContext: initialization completed in 1044 ms
2020-11-27 15:18:04,919 1074   [ost-startStop-1] INFO  .web.servlet.DispatcherServlet  - FrameworkServlet 'dispatcherServlet': initialization started
2020-11-27 15:18:04,923 1078   [ost-startStop-1] INFO  pport.XmlWebApplicationContext  - Refreshing WebApplicationContext for namespace 'dispatcherServlet-servlet': startup date [Fri Nov 27 15:18:04 CST 2020]; parent: Root WebApplicationContext
2020-11-27 15:18:04,923 1078   [ost-startStop-1] INFO  ry.xml.XmlBeanDefinitionReader  - Loading XML bean definitions from class path resource [springmvc.xml]
2020-11-27 15:18:05,040 1195   [ost-startStop-1] INFO  redAnnotationBeanPostProcessor  - JSR-330 'javax.inject.Inject' annotation found and supported for autowiring
2020-11-27 15:18:05,213 1368   [ost-startStop-1] INFO  andler.SimpleUrlHandlerMapping  - Mapped URL path [/css/**] onto handler 'org.springframework.web.servlet.resource.ResourceHttpRequestHandler#0'
2020-11-27 15:18:05,228 1383   [ost-startStop-1] INFO  andler.SimpleUrlHandlerMapping  - Mapped URL path [/images/**] onto handler 'org.springframework.web.servlet.resource.ResourceHttpRequestHandler#1'
2020-11-27 15:18:05,231 1386   [ost-startStop-1] INFO  andler.SimpleUrlHandlerMapping  - Mapped URL path [/js/**] onto handler 'org.springframework.web.servlet.resource.ResourceHttpRequestHandler#2'
2020-11-27 15:18:05,263 1418   [ost-startStop-1] INFO  n.RequestMappingHandlerMapping  - Mapped "{[/bill/findAll]}" onto public java.lang.String com.bdqn.controller.BillController.findAll(org.springframework.ui.Model)
2020-11-27 15:18:05,263 1418   [ost-startStop-1] INFO  n.RequestMappingHandlerMapping  - Mapped "{[/branch/detail]}" onto public java.lang.String com.bdqn.controller.BranchController.detail(java.lang.Integer,org.springframework.ui.Model)
2020-11-27 15:18:05,263 1418   [ost-startStop-1] INFO  n.RequestMappingHandlerMapping  - Mapped "{[/branch/findAll]}" onto public java.lang.String com.bdqn.controller.BranchController.findAll(org.springframework.ui.Model)
2020-11-27 15:18:05,328 1483   [ost-startStop-1] INFO  n.RequestMappingHandlerAdapter  - Looking for @ControllerAdvice: WebApplicationContext for namespace 'dispatcherServlet-servlet': startup date [Fri Nov 27 15:18:04 CST 2020]; parent: Root WebApplicationContext
2020-11-27 15:18:05,385 1540   [ost-startStop-1] INFO  n.RequestMappingHandlerAdapter  - Looking for @ControllerAdvice: WebApplicationContext for namespace 'dispatcherServlet-servlet': startup date [Fri Nov 27 15:18:04 CST 2020]; parent: Root WebApplicationContext
2020-11-27 15:18:05,466 1621   [ost-startStop-1] INFO  .web.servlet.DispatcherServlet  - FrameworkServlet 'dispatcherServlet': initialization completed in 547 ms
2020-11-27 15:43:46,644 1542799 [bio-8080-exec-8] WARN  ework.web.servlet.PageNotFound  - No mapping found for HTTP request with URI [/mvc/branch/js/jquery-1.12.4.js] in DispatcherServlet with name 'dispatcherServlet'
2020-11-27 15:43:47,264 1543419 [bio-8080-exec-8] WARN  ework.web.servlet.PageNotFound  - No mapping found for HTTP request with URI [/mvc/branch/js/jquery-1.12.4.js] in DispatcherServlet with name 'dispatcherServlet'
2020-11-27 15:43:47,442 1543597 [bio-8080-exec-6] WARN  ework.web.servlet.PageNotFound  - No mapping found for HTTP request with URI [/mvc/branch/js/jquery-1.12.4.js] in DispatcherServlet with name 'dispatcherServlet'
2020-11-27 15:43:47,617 1543772 [bio-8080-exec-6] WARN  ework.web.servlet.PageNotFound  - No mapping found for HTTP request with URI [/mvc/branch/js/jquery-1.12.4.js] in DispatcherServlet with name 'dispatcherServlet'
2020-11-27 15:43:47,782 1543937 [bio-8080-exec-6] WARN  ework.web.servlet.PageNotFound  - No mapping found for HTTP request with URI [/mvc/branch/js/jquery-1.12.4.js] in DispatcherServlet with name 'dispatcherServlet'
2020-11-27 15:43:47,947 1544102 [bio-8080-exec-6] WARN  ework.web.servlet.PageNotFound  - No mapping found for HTTP request with URI [/mvc/branch/js/jquery-1.12.4.js] in DispatcherServlet with name 'dispatcherServlet'
2020-11-27 15:43:48,115 1544270 [bio-8080-exec-6] WARN  ework.web.servlet.PageNotFound  - No mapping found for HTTP request with URI [/mvc/branch/js/jquery-1.12.4.js] in DispatcherServlet with name 'dispatcherServlet'
2020-11-27 15:43:48,700 1544855 [bio-8080-exec-6] WARN  ework.web.servlet.PageNotFound  - No mapping found for HTTP request with URI [/mvc/branch/js/jquery-1.12.4.js] in DispatcherServlet with name 'dispatcherServlet'
2020-11-27 15:43:48,986 1545141 [bio-8080-exec-6] WARN  ework.web.servlet.PageNotFound  - No mapping found for HTTP request with URI [/mvc/branch/js/jquery-1.12.4.js] in DispatcherServlet with name 'dispatcherServlet'
2020-11-27 15:43:49,219 1545374 [bio-8080-exec-6] WARN  ework.web.servlet.PageNotFound  - No mapping found for HTTP request with URI [/mvc/branch/js/jquery-1.12.4.js] in DispatcherServlet with name 'dispatcherServlet'
2020-11-27 15:43:49,636 1545791 [bio-8080-exec-6] WARN  ework.web.servlet.PageNotFound  - No mapping found for HTTP request with URI [/mvc/branch/js/jquery-1.12.4.js] in DispatcherServlet with name 'dispatcherServlet'
2020-11-27 15:43:50,247 1546402 [bio-8080-exec-6] WARN  ework.web.servlet.PageNotFound  - No mapping found for HTTP request with URI [/mvc/branch/js/jquery-1.12.4.js] in DispatcherServlet with name 'dispatcherServlet'
2020-11-27 15:43:50,487 1546642 [bio-8080-exec-6] WARN  ework.web.servlet.PageNotFound  - No mapping found for HTTP request with URI [/mvc/branch/js/jquery-1.12.4.js] in DispatcherServlet with name 'dispatcherServlet'
2020-11-27 15:43:52,271 1548426 [bio-8080-exec-6] WARN  ework.web.servlet.PageNotFound  - No mapping found for HTTP request with URI [/mvc/branch/js/jquery-1.12.4.js] in DispatcherServlet with name 'dispatcherServlet'
2020-11-27 15:43:52,448 1548603 [bio-8080-exec-6] WARN  ework.web.servlet.PageNotFound  - No mapping found for HTTP request with URI [/mvc/branch/js/jquery-1.12.4.js] in DispatcherServlet with name 'dispatcherServlet'
2020-11-27 15:43:52,637 1548792 [bio-8080-exec-6] WARN  ework.web.servlet.PageNotFound  - No mapping found for HTTP request with URI [/mvc/branch/js/jquery-1.12.4.js] in DispatcherServlet with name 'dispatcherServlet'
2020-11-27 15:43:52,820 1548975 [bio-8080-exec-6] WARN  ework.web.servlet.PageNotFound  - No mapping found for HTTP request with URI [/mvc/branch/js/jquery-1.12.4.js] in DispatcherServlet with name 'dispatcherServlet'
2020-11-27 15:43:53,470 1549625 [bio-8080-exec-6] WARN  ework.web.servlet.PageNotFound  - No mapping found for HTTP request with URI [/mvc/branch/js/jquery-1.12.4.js] in DispatcherServlet with name 'dispatcherServlet'
2020-11-27 15:43:53,677 1549832 [bio-8080-exec-6] WARN  ework.web.servlet.PageNotFound  - No mapping found for HTTP request with URI [/mvc/branch/js/jquery-1.12.4.js] in DispatcherServlet with name 'dispatcherServlet'
2020-11-27 15:43:54,303 1550458 [bio-8080-exec-6] WARN  ework.web.servlet.PageNotFound  - No mapping found for HTTP request with URI [/mvc/branch/js/jquery-1.12.4.js] in DispatcherServlet with name 'dispatcherServlet'
2020-11-27 15:43:54,542 1550697 [bio-8080-exec-6] WARN  ework.web.servlet.PageNotFound  - No mapping found for HTTP request with URI [/mvc/branch/js/jquery-1.12.4.js] in DispatcherServlet with name 'dispatcherServlet'
2020-11-27 15:43:54,787 1550942 [bio-8080-exec-6] WARN  ework.web.servlet.PageNotFound  - No mapping found for HTTP request with URI [/mvc/branch/js/jquery-1.12.4.js] in DispatcherServlet with name 'dispatcherServlet'
2020-11-27 15:43:55,000 1551155 [bio-8080-exec-6] WARN  ework.web.servlet.PageNotFound  - No mapping found for HTTP request with URI [/mvc/branch/js/jquery-1.12.4.js] in DispatcherServlet with name 'dispatcherServlet'
2020-11-27 15:43:55,181 1551336 [bio-8080-exec-6] WARN  ework.web.servlet.PageNotFound  - No mapping found for HTTP request with URI [/mvc/branch/js/jquery-1.12.4.js] in DispatcherServlet with name 'dispatcherServlet'
2020-11-27 15:43:55,354 1551509 [bio-8080-exec-2] WARN  ework.web.servlet.PageNotFound  - No mapping found for HTTP request with URI [/mvc/branch/js/jquery-1.12.4.js] in DispatcherServlet with name 'dispatcherServlet'
2020-11-27 15:43:55,526 1551681 [bio-8080-exec-7] WARN  ework.web.servlet.PageNotFound  - No mapping found for HTTP request with URI [/mvc/branch/js/jquery-1.12.4.js] in DispatcherServlet with name 'dispatcherServlet'
2020-11-27 15:50:38,420 0      [           main] INFO  DefaultTestContextBootstrapper  - Loaded default TestExecutionListener class names from location [META-INF/spring.factories]: [org.springframework.test.context.web.ServletTestExecutionListener, org.springframework.test.context.support.DirtiesContextBeforeModesTestExecutionListener, org.springframework.test.context.support.DependencyInjectionTestExecutionListener, org.springframework.test.context.support.DirtiesContextTestExecutionListener, org.springframework.test.context.transaction.TransactionalTestExecutionListener, org.springframework.test.context.jdbc.SqlScriptsTestExecutionListener]
2020-11-27 15:50:38,435 15     [           main] INFO  DefaultTestContextBootstrapper  - Using TestExecutionListeners: [org.springframework.test.context.web.ServletTestExecutionListener@cb644e, org.springframework.test.context.support.DirtiesContextBeforeModesTestExecutionListener@13805618, org.springframework.test.context.support.DependencyInjectionTestExecutionListener@56ef9176, org.springframework.test.context.support.DirtiesContextTestExecutionListener@4566e5bd, org.springframework.test.context.transaction.TransactionalTestExecutionListener@1ed4004b, org.springframework.test.context.jdbc.SqlScriptsTestExecutionListener@ff5b51f]
2020-11-27 15:50:38,495 75     [           main] INFO  ry.xml.XmlBeanDefinitionReader  - Loading XML bean definitions from class path resource [applicationContext.xml]
2020-11-27 15:50:38,695 275    [           main] INFO  port.GenericApplicationContext  - Refreshing org.springframework.context.support.GenericApplicationContext@22a67b4: startup date [Fri Nov 27 15:50:38 CST 2020]; root of context hierarchy
2020-11-27 15:50:39,130 710    [           main] INFO  aba.druid.pool.DruidDataSource  - {dataSource-1} inited
2020-11-27 15:50:39,976 1556   [       Thread-1] INFO  port.GenericApplicationContext  - Closing org.springframework.context.support.GenericApplicationContext@22a67b4: startup date [Fri Nov 27 15:50:38 CST 2020]; root of context hierarchy
2020-11-27 15:50:39,980 1560   [       Thread-1] INFO  aba.druid.pool.DruidDataSource  - {dataSource-1} closed
2020-11-27 15:50:43,245 0      [ost-startStop-1] INFO  work.web.context.ContextLoader  - Root WebApplicationContext: initialization started
2020-11-27 15:50:43,311 66     [ost-startStop-1] INFO  pport.XmlWebApplicationContext  - Refreshing Root WebApplicationContext: startup date [Fri Nov 27 15:50:43 CST 2020]; root of context hierarchy
2020-11-27 15:50:43,340 95     [ost-startStop-1] INFO  ry.xml.XmlBeanDefinitionReader  - Loading XML bean definitions from class path resource [applicationContext.xml]
2020-11-27 15:50:43,693 448    [ost-startStop-1] INFO  redAnnotationBeanPostProcessor  - JSR-330 'javax.inject.Inject' annotation found and supported for autowiring
2020-11-27 15:50:43,850 605    [ost-startStop-1] INFO  aba.druid.pool.DruidDataSource  - {dataSource-1} inited
2020-11-27 15:50:44,222 977    [ost-startStop-1] INFO  work.web.context.ContextLoader  - Root WebApplicationContext: initialization completed in 977 ms
2020-11-27 15:50:44,242 997    [ost-startStop-1] INFO  .web.servlet.DispatcherServlet  - FrameworkServlet 'dispatcherServlet': initialization started
2020-11-27 15:50:44,242 997    [ost-startStop-1] INFO  pport.XmlWebApplicationContext  - Refreshing WebApplicationContext for namespace 'dispatcherServlet-servlet': startup date [Fri Nov 27 15:50:44 CST 2020]; parent: Root WebApplicationContext
2020-11-27 15:50:44,242 997    [ost-startStop-1] INFO  ry.xml.XmlBeanDefinitionReader  - Loading XML bean definitions from class path resource [springmvc.xml]
2020-11-27 15:50:44,360 1115   [ost-startStop-1] INFO  redAnnotationBeanPostProcessor  - JSR-330 'javax.inject.Inject' annotation found and supported for autowiring
2020-11-27 15:50:44,497 1252   [ost-startStop-1] INFO  andler.SimpleUrlHandlerMapping  - Mapped URL path [/css/**] onto handler 'org.springframework.web.servlet.resource.ResourceHttpRequestHandler#0'
2020-11-27 15:50:44,507 1262   [ost-startStop-1] INFO  andler.SimpleUrlHandlerMapping  - Mapped URL path [/images/**] onto handler 'org.springframework.web.servlet.resource.ResourceHttpRequestHandler#1'
2020-11-27 15:50:44,510 1265   [ost-startStop-1] INFO  andler.SimpleUrlHandlerMapping  - Mapped URL path [/js/**] onto handler 'org.springframework.web.servlet.resource.ResourceHttpRequestHandler#2'
2020-11-27 15:50:44,547 1302   [ost-startStop-1] INFO  n.RequestMappingHandlerMapping  - Mapped "{[/branch/detail]}" onto public java.lang.String com.bdqn.controller.BranchController.detail(java.lang.Integer,org.springframework.ui.Model)
2020-11-27 15:50:44,550 1305   [ost-startStop-1] INFO  n.RequestMappingHandlerMapping  - Mapped "{[/branch/findAll]}" onto public java.lang.String com.bdqn.controller.BranchController.findAll(org.springframework.ui.Model)
2020-11-27 15:50:44,600 1355   [ost-startStop-1] INFO  n.RequestMappingHandlerAdapter  - Looking for @ControllerAdvice: WebApplicationContext for namespace 'dispatcherServlet-servlet': startup date [Fri Nov 27 15:50:44 CST 2020]; parent: Root WebApplicationContext
2020-11-27 15:50:44,637 1392   [ost-startStop-1] INFO  n.RequestMappingHandlerAdapter  - Looking for @ControllerAdvice: WebApplicationContext for namespace 'dispatcherServlet-servlet': startup date [Fri Nov 27 15:50:44 CST 2020]; parent: Root WebApplicationContext
2020-11-27 15:50:44,700 1455   [ost-startStop-1] INFO  .web.servlet.DispatcherServlet  - FrameworkServlet 'dispatcherServlet': initialization completed in 458 ms
